<?xml version="1.0" encoding="utf-8"?><testsuites name="pytest tests"><testsuite name="pytest" errors="0" failures="0" skipped="0" tests="31" time="4.515" timestamp="2026-01-15T19:46:00.165717+00:00" hostname="agent-env-4cbe5acb-6096-420e-9522-a30ad716fe44"><testcase classname="tests.test_havosec_api.TestHealthCheck" name="test_health_endpoint" time="0.003" /><testcase classname="tests.test_havosec_api.TestPublicContentAPI" name="test_get_all_content" time="0.003" /><testcase classname="tests.test_havosec_api.TestPublicContentAPI" name="test_get_hero_content" time="0.002" /><testcase classname="tests.test_havosec_api.TestPublicContentAPI" name="test_get_features_content" time="0.002" /><testcase classname="tests.test_havosec_api.TestPublicContentAPI" name="test_get_about_content" time="0.002" /><testcase classname="tests.test_havosec_api.TestPublicContentAPI" name="test_get_nonexistent_content" time="0.002" /><testcase classname="tests.test_havosec_api.TestPublicBlogAPI" name="test_get_blog_posts" time="0.004" /><testcase classname="tests.test_havosec_api.TestPublicBlogAPI" name="test_get_blog_posts_with_pagination" time="0.003" /><testcase classname="tests.test_havosec_api.TestClientAuth" name="test_register_new_client" time="0.228" /><testcase classname="tests.test_havosec_api.TestClientAuth" name="test_register_missing_fields" time="0.002" /><testcase classname="tests.test_havosec_api.TestClientAuth" name="test_register_short_password" time="0.001" /><testcase classname="tests.test_havosec_api.TestClientAuth" name="test_login_client" time="0.456" /><testcase classname="tests.test_havosec_api.TestClientAuth" name="test_login_invalid_credentials" time="0.004" /><testcase classname="tests.test_havosec_api.TestClientAuth" name="test_get_profile_with_token" time="0.463" /><testcase classname="tests.test_havosec_api.TestClientAuth" name="test_get_profile_without_token" time="0.002" /><testcase classname="tests.test_havosec_api.TestAdminAuth" name="test_admin_login_success" time="0.228" /><testcase classname="tests.test_havosec_api.TestAdminAuth" name="test_admin_login_invalid_credentials" time="0.003" /><testcase classname="tests.test_havosec_api.TestAdminAuth" name="test_admin_get_me" time="0.231" /><testcase classname="tests.test_havosec_api.TestAdminContentManagement" name="test_get_all_admin_content" time="0.231" /><testcase classname="tests.test_havosec_api.TestAdminContentManagement" name="test_update_hero_content" time="0.240" /><testcase classname="tests.test_havosec_api.TestAdminBlogManagement" name="test_get_admin_blog_posts" time="0.231" /><testcase classname="tests.test_havosec_api.TestAdminBlogManagement" name="test_create_blog_post" time="0.229" /><testcase classname="tests.test_havosec_api.TestAdminBlogManagement" name="test_create_and_delete_blog_post" time="0.238" /><testcase classname="tests.test_havosec_api.TestDemoRequests" name="test_submit_demo_request" time="0.002" /><testcase classname="tests.test_havosec_api.TestClientDashboard" name="test_get_dashboard_overview" time="0.464" /><testcase classname="tests.test_havosec_api.TestClientDashboard" name="test_get_dashboard_overview_without_auth" time="0.002" /><testcase classname="tests.test_havosec_api.TestClientDashboard" name="test_get_attack_insights" time="0.236" /><testcase classname="tests.test_havosec_api.TestClientDashboard" name="test_get_defense_metrics" time="0.236" /><testcase classname="tests.test_havosec_api.TestClientDashboard" name="test_get_activity_logs" time="0.243" /><testcase classname="tests.test_havosec_api.TestClientDashboard" name="test_get_system_health" time="0.459" /><testcase classname="tests.test_havosec_api.TestAdminDashboard" name="test_admin_dashboard_stats" time="0.003" /></testsuite></testsuites>