<?xml version="1.0" encoding="utf-8"?><testsuites name="pytest tests"><testsuite name="pytest" errors="5" failures="3" skipped="0" tests="31" time="3.831" timestamp="2026-01-15T19:45:30.243030+00:00" hostname="agent-env-4cbe5acb-6096-420e-9522-a30ad716fe44"><testcase classname="tests.test_havosec_api.TestHealthCheck" name="test_health_endpoint" time="0.003" /><testcase classname="tests.test_havosec_api.TestPublicContentAPI" name="test_get_all_content" time="0.003" /><testcase classname="tests.test_havosec_api.TestPublicContentAPI" name="test_get_hero_content" time="0.004" /><testcase classname="tests.test_havosec_api.TestPublicContentAPI" name="test_get_features_content" time="0.002" /><testcase classname="tests.test_havosec_api.TestPublicContentAPI" name="test_get_about_content" time="0.002" /><testcase classname="tests.test_havosec_api.TestPublicContentAPI" name="test_get_nonexistent_content" time="0.002" /><testcase classname="tests.test_havosec_api.TestPublicBlogAPI" name="test_get_blog_posts" time="0.003" /><testcase classname="tests.test_havosec_api.TestPublicBlogAPI" name="test_get_blog_posts_with_pagination" time="0.003" /><testcase classname="tests.test_havosec_api.TestClientAuth" name="test_register_new_client" time="0.228"><failure message="assert 500 == 200&#10; +  where 500 = &lt;Response [500]&gt;.status_code">tests/test_havosec_api.py:117: in test_register_new_client
    assert response.status_code == 200
E   assert 500 == 200
E    +  where 500 = &lt;Response [500]&gt;.status_code</failure></testcase><testcase classname="tests.test_havosec_api.TestClientAuth" name="test_register_missing_fields" time="0.002" /><testcase classname="tests.test_havosec_api.TestClientAuth" name="test_register_short_password" time="0.001" /><testcase classname="tests.test_havosec_api.TestClientAuth" name="test_login_client" time="0.236"><failure message="assert 401 == 200&#10; +  where 401 = &lt;Response [401]&gt;.status_code">tests/test_havosec_api.py:167: in test_login_client
    assert response.status_code == 200
E   assert 401 == 200
E    +  where 401 = &lt;Response [401]&gt;.status_code</failure></testcase><testcase classname="tests.test_havosec_api.TestClientAuth" name="test_login_invalid_credentials" time="0.003" /><testcase classname="tests.test_havosec_api.TestClientAuth" name="test_get_profile_with_token" time="0.234"><failure message="KeyError: 'token'">tests/test_havosec_api.py:201: in test_get_profile_with_token
    token = login_response.json()["token"]
            ^^^^^^^^^^^^^^^^^^^^^^^^^^^^^^
E   KeyError: 'token'</failure></testcase><testcase classname="tests.test_havosec_api.TestClientAuth" name="test_get_profile_without_token" time="0.002" /><testcase classname="tests.test_havosec_api.TestAdminAuth" name="test_admin_login_success" time="0.229" /><testcase classname="tests.test_havosec_api.TestAdminAuth" name="test_admin_login_invalid_credentials" time="0.003" /><testcase classname="tests.test_havosec_api.TestAdminAuth" name="test_admin_get_me" time="0.230" /><testcase classname="tests.test_havosec_api.TestAdminContentManagement" name="test_get_all_admin_content" time="0.228" /><testcase classname="tests.test_havosec_api.TestAdminContentManagement" name="test_update_hero_content" time="0.241" /><testcase classname="tests.test_havosec_api.TestAdminBlogManagement" name="test_get_admin_blog_posts" time="0.231" /><testcase classname="tests.test_havosec_api.TestAdminBlogManagement" name="test_create_blog_post" time="0.230" /><testcase classname="tests.test_havosec_api.TestAdminBlogManagement" name="test_create_and_delete_blog_post" time="0.234" /><testcase classname="tests.test_havosec_api.TestDemoRequests" name="test_submit_demo_request" time="0.025" /><testcase classname="tests.test_havosec_api.TestClientDashboard" name="test_get_dashboard_overview" time="0.228"><error message="failed on setup with &quot;KeyError: 'token'&quot;">tests/test_havosec_api.py:442: in client_token
    return response.json()["token"]
           ^^^^^^^^^^^^^^^^^^^^^^^^
E   KeyError: 'token'</error></testcase><testcase classname="tests.test_havosec_api.TestClientDashboard" name="test_get_dashboard_overview_without_auth" time="0.002" /><testcase classname="tests.test_havosec_api.TestClientDashboard" name="test_get_attack_insights" time="0.233"><error message="failed on setup with &quot;KeyError: 'token'&quot;">tests/test_havosec_api.py:442: in client_token
    return response.json()["token"]
           ^^^^^^^^^^^^^^^^^^^^^^^^
E   KeyError: 'token'</error></testcase><testcase classname="tests.test_havosec_api.TestClientDashboard" name="test_get_defense_metrics" time="0.232"><error message="failed on setup with &quot;KeyError: 'token'&quot;">tests/test_havosec_api.py:442: in client_token
    return response.json()["token"]
           ^^^^^^^^^^^^^^^^^^^^^^^^
E   KeyError: 'token'</error></testcase><testcase classname="tests.test_havosec_api.TestClientDashboard" name="test_get_activity_logs" time="0.232"><error message="failed on setup with &quot;KeyError: 'token'&quot;">tests/test_havosec_api.py:442: in client_token
    return response.json()["token"]
           ^^^^^^^^^^^^^^^^^^^^^^^^
E   KeyError: 'token'</error></testcase><testcase classname="tests.test_havosec_api.TestClientDashboard" name="test_get_system_health" time="0.241"><error message="failed on setup with &quot;KeyError: 'token'&quot;">tests/test_havosec_api.py:442: in client_token
    return response.json()["token"]
           ^^^^^^^^^^^^^^^^^^^^^^^^
E   KeyError: 'token'</error></testcase><testcase classname="tests.test_havosec_api.TestAdminDashboard" name="test_admin_dashboard_stats" time="0.004" /></testsuite></testsuites>